# JRE version: OpenJDK Runtime Environment (8.0_152-b01) (build 1.8.0_152-release-1248-b01)
# Java VM: OpenJDK 64-Bit Server VM (25.152-b01 mixed mode windows-amd64 compressed oops)
Heap:
 PSYoungGen      total 297984K, used 166113K [0x00000000e0000000, 0x00000000f4280000, 0x0000000100000000)
  eden space 281088K, 54% used [0x00000000e0000000,0x00000000e94c44c0,0x00000000f1280000)
  from space 16896K, 81% used [0x00000000f3200000,0x00000000f3f742d0,0x00000000f4280000)
  to   space 24576K, 0% used [0x00000000f1280000,0x00000000f1280000,0x00000000f2a80000)
 ParOldGen       total 167936K, used 31146K [0x00000000a0000000, 0x00000000aa400000, 0x00000000e0000000)
  object space 167936K, 18% used [0x00000000a0000000,0x00000000a1e6a828,0x00000000aa400000)
 Metaspace       used 73768K, capacity 76822K, committed 76928K, reserved 1116160K
  class space    used 9560K, capacity 10279K, committed 10368K, reserved 1048576K
GC Heap History (10 events):
Event: 8.987 GC heap before
{Heap before GC invocations=9 (full 2):
 PSYoungGen      total 208384K, used 192512K [0x00000000e0000000, 0x00000000edb80000, 0x0000000100000000)
  eden space 192512K, 100% used [0x00000000e0000000,0x00000000ebc00000,0x00000000ebc00000)
  from space 15872K, 0% used [0x00000000eca80000,0x00000000eca80000,0x00000000eda00000)
  to   space 14848K, 0% used [0x00000000ebc00000,0x00000000ebc00000,0x00000000eca80000)
 ParOldGen       total 113152K, used 16596K [0x00000000a0000000, 0x00000000a6e80000, 0x00000000e0000000)
  object space 113152K, 14% used [0x00000000a0000000,0x00000000a10351e0,0x00000000a6e80000)
 Metaspace       used 52794K, capacity 53892K, committed 54144K, reserved 1095680K
  class space    used 7142K, capacity 7501K, committed 7552K, reserved 1048576K
Event: 9.008 GC heap after
Heap after GC invocations=9 (full 2):
 PSYoungGen      total 207360K, used 14845K [0x00000000e0000000, 0x00000000f2500000, 0x0000000100000000)
  eden space 192512K, 0% used [0x00000000e0000000,0x00000000e0000000,0x00000000ebc00000)
  from space 14848K, 99% used [0x00000000ebc00000,0x00000000eca7f560,0x00000000eca80000)
  to   space 22016K, 0% used [0x00000000f0f80000,0x00000000f0f80000,0x00000000f2500000)
 ParOldGen       total 113152K, used 25954K [0x00000000a0000000, 0x00000000a6e80000, 0x00000000e0000000)
  object space 113152K, 22% used [0x00000000a0000000,0x00000000a1958940,0x00000000a6e80000)
 Metaspace       used 52794K, capacity 53892K, committed 54144K, reserved 1095680K
  class space    used 7142K, capacity 7501K, committed 7552K, reserved 1048576K
}
Event: 10.413 GC heap before
{Heap before GC invocations=10 (full 2):
 PSYoungGen      total 207360K, used 90380K [0x00000000e0000000, 0x00000000f2500000, 0x0000000100000000)
  eden space 192512K, 39% used [0x00000000e0000000,0x00000000e49c3b80,0x00000000ebc00000)
  from space 14848K, 99% used [0x00000000ebc00000,0x00000000eca7f560,0x00000000eca80000)
  to   space 22016K, 0% used [0x00000000f0f80000,0x00000000f0f80000,0x00000000f2500000)
 ParOldGen       total 113152K, used 25954K [0x00000000a0000000, 0x00000000a6e80000, 0x00000000e0000000)
  object space 113152K, 22% used [0x00000000a0000000,0x00000000a1958940,0x00000000a6e80000)
 Metaspace       used 57398K, capacity 58972K, committed 59136K, reserved 1099776K
  class space    used 7906K, capacity 8339K, committed 8448K, reserved 1048576K
Event: 10.451 GC heap after
Heap after GC invocations=10 (full 2):
 PSYoungGen      total 276480K, used 17259K [0x00000000e0000000, 0x00000000f3380000, 0x0000000100000000)
  eden space 254464K, 0% used [0x00000000e0000000,0x00000000e0000000,0x00000000ef880000)
  from space 22016K, 78% used [0x00000000f0f80000,0x00000000f205ac10,0x00000000f2500000)
  to   space 23552K, 0% used [0x00000000ef880000,0x00000000ef880000,0x00000000f0f80000)
 ParOldGen       total 113152K, used 25962K [0x00000000a0000000, 0x00000000a6e80000, 0x00000000e0000000)
  object space 113152K, 22% used [0x00000000a0000000,0x00000000a195a940,0x00000000a6e80000)
 Metaspace       used 57398K, capacity 58972K, committed 59136K, reserved 1099776K
  class space    used 7906K, capacity 8339K, committed 8448K, reserved 1048576K
}
Event: 10.452 GC heap before
{Heap before GC invocations=11 (full 3):
 PSYoungGen      total 276480K, used 17259K [0x00000000e0000000, 0x00000000f3380000, 0x0000000100000000)
  eden space 254464K, 0% used [0x00000000e0000000,0x00000000e0000000,0x00000000ef880000)
  from space 22016K, 78% used [0x00000000f0f80000,0x00000000f205ac10,0x00000000f2500000)
  to   space 23552K, 0% used [0x00000000ef880000,0x00000000ef880000,0x00000000f0f80000)
 ParOldGen       total 113152K, used 25962K [0x00000000a0000000, 0x00000000a6e80000, 0x00000000e0000000)
  object space 113152K, 22% used [0x00000000a0000000,0x00000000a195a940,0x00000000a6e80000)
 Metaspace       used 57398K, capacity 58972K, committed 59136K, reserved 1099776K
  class space    used 7906K, capacity 8339K, committed 8448K, reserved 1048576K
Event: 10.793 GC heap after
Heap after GC invocations=11 (full 3):
 PSYoungGen      total 276480K, used 0K [0x00000000e0000000, 0x00000000f3380000, 0x0000000100000000)
  eden space 254464K, 0% used [0x00000000e0000000,0x00000000e0000000,0x00000000ef880000)
  from space 22016K, 0% used [0x00000000f0f80000,0x00000000f0f80000,0x00000000f2500000)
  to   space 23552K, 0% used [0x00000000ef880000,0x00000000ef880000,0x00000000f0f80000)
 ParOldGen       total 167936K, used 31130K [0x00000000a0000000, 0x00000000aa400000, 0x00000000e0000000)
  object space 167936K, 18% used [0x00000000a0000000,0x00000000a1e66828,0x00000000aa400000)
 Metaspace       used 57398K, capacity 58972K, committed 59136K, reserved 1099776K
  class space    used 7906K, capacity 8339K, committed 8448K, reserved 1048576K
}
Event: 133.564 GC heap before
{Heap before GC invocations=12 (full 3):
 PSYoungGen      total 276480K, used 254464K [0x00000000e0000000, 0x00000000f3380000, 0x0000000100000000)
  eden space 254464K, 100% used [0x00000000e0000000,0x00000000ef880000,0x00000000ef880000)
  from space 22016K, 0% used [0x00000000f0f80000,0x00000000f0f80000,0x00000000f2500000)
  to   space 23552K, 0% used [0x00000000ef880000,0x00000000ef880000,0x00000000f0f80000)
 ParOldGen       total 167936K, used 31130K [0x00000000a0000000, 0x00000000aa400000, 0x00000000e0000000)
  object space 167936K, 18% used [0x00000000a0000000,0x00000000a1e66828,0x00000000aa400000)
 Metaspace       used 70473K, capacity 72694K, committed 72832K, reserved 1112064K
  class space    used 9278K, capacity 9805K, committed 9856K, reserved 1048576K
Event: 133.594 GC heap after
Heap after GC invocations=12 (full 3):
 PSYoungGen      total 278016K, used 19071K [0x00000000e0000000, 0x00000000f4a80000, 0x0000000100000000)
  eden space 254464K, 0% used [0x00000000e0000000,0x00000000e0000000,0x00000000ef880000)
  from space 23552K, 80% used [0x00000000ef880000,0x00000000f0b1fcb8,0x00000000f0f80000)
  to   space 25088K, 0% used [0x00000000f3200000,0x00000000f3200000,0x00000000f4a80000)
 ParOldGen       total 167936K, used 31138K [0x00000000a0000000, 0x00000000aa400000, 0x00000000e0000000)
  object space 167936K, 18% used [0x00000000a0000000,0x00000000a1e68828,0x00000000aa400000)
 Metaspace       used 70473K, capacity 72694K, committed 72832K, reserved 1112064K
  class space    used 9278K, capacity 9805K, committed 9856K, reserved 1048576K
}
Event: 1314.113 GC heap before
{Heap before GC invocations=13 (full 3):
 PSYoungGen      total 278016K, used 273535K [0x00000000e0000000, 0x00000000f4a80000, 0x0000000100000000)
  eden space 254464K, 100% used [0x00000000e0000000,0x00000000ef880000,0x00000000ef880000)
  from space 23552K, 80% used [0x00000000ef880000,0x00000000f0b1fcb8,0x00000000f0f80000)
  to   space 25088K, 0% used [0x00000000f3200000,0x00000000f3200000,0x00000000f4a80000)
 ParOldGen       total 167936K, used 31138K [0x00000000a0000000, 0x00000000aa400000, 0x00000000e0000000)
  object space 167936K, 18% used [0x00000000a0000000,0x00000000a1e68828,0x00000000aa400000)
 Metaspace       used 72395K, capacity 75202K, committed 75392K, reserved 1114112K
  class space    used 9404K, capacity 10065K, committed 10112K, reserved 1048576K
Event: 1314.139 GC heap after
Heap after GC invocations=13 (full 3):
 PSYoungGen      total 297984K, used 13776K [0x00000000e0000000, 0x00000000f4280000, 0x0000000100000000)
  eden space 281088K, 0% used [0x00000000e0000000,0x00000000e0000000,0x00000000f1280000)
  from space 16896K, 81% used [0x00000000f3200000,0x00000000f3f742d0,0x00000000f4280000)
  to   space 24576K, 0% used [0x00000000f1280000,0x00000000f1280000,0x00000000f2a80000)
 ParOldGen       total 167936K, used 31146K [0x00000000a0000000, 0x00000000aa400000, 0x00000000e0000000)
  object space 167936K, 18% used [0x00000000a0000000,0x00000000a1e6a828,0x00000000aa400000)
 Metaspace       used 72395K, capacity 75202K, committed 75392K, reserved 1114112K
  class space    used 9404K, capacity 10065K, committed 10112K, reserved 1048576K
}

